2020-02-27 02:22:14.134  INFO 8548 --- [SpringContextShutdownHook] o.s.s.concurrent.ThreadPoolTaskExecutor  : Shutting down ExecutorService 'applicationTaskExecutor'
2020-02-27 02:22:14.196  INFO 8548 --- [SpringContextShutdownHook] o.a.k.clients.producer.KafkaProducer     : [Producer clientId=producer-1] Closing the Kafka producer with timeoutMillis = 30000 ms.
2020-02-27 02:22:27.960  INFO 10804 --- [main] c.B.B.BillingLogicApplication            : Starting BillingLogicApplication on Santanus-MacBook-Air.local with PID 10804 (/Users/santanu/Downloads/BillingLogic/BillingLogic/target/classes started by santanu in /Users/santanu/Downloads/BillingLogic/BillingLogic)
2020-02-27 02:22:27.964  INFO 10804 --- [main] c.B.B.BillingLogicApplication            : No active profile set, falling back to default profiles: default
2020-02-27 02:22:30.551  INFO 10804 --- [main] o.s.b.w.embedded.tomcat.TomcatWebServer  : Tomcat initialized with port(s): 7878 (http)
2020-02-27 02:22:30.574  INFO 10804 --- [main] o.apache.catalina.core.StandardService   : Starting service [Tomcat]
2020-02-27 02:22:30.575  INFO 10804 --- [main] org.apache.catalina.core.StandardEngine  : Starting Servlet engine: [Apache Tomcat/9.0.30]
2020-02-27 02:22:30.763  INFO 10804 --- [main] o.a.c.c.C.[Tomcat].[localhost].[/]       : Initializing Spring embedded WebApplicationContext
2020-02-27 02:22:30.764  INFO 10804 --- [main] o.s.web.context.ContextLoader            : Root WebApplicationContext: initialization completed in 2694 ms
2020-02-27 02:22:31.369  INFO 10804 --- [main] org.redisson.Version                     : Redisson 3.2.0
2020-02-27 02:22:37.007  INFO 10804 --- [redisson-netty-1-8] o.r.c.pool.SinglePubSubConnectionPool    : 1 connections initialized for /127.0.0.1:6379
2020-02-27 02:22:37.007  INFO 10804 --- [redisson-netty-1-1] o.r.c.pool.MasterConnectionPool          : 5 connections initialized for /127.0.0.1:6379
2020-02-27 02:22:37.831  INFO 10804 --- [main] o.s.s.concurrent.ThreadPoolTaskExecutor  : Initializing ExecutorService 'applicationTaskExecutor'
2020-02-27 02:22:38.344  INFO 10804 --- [main] o.s.b.w.embedded.tomcat.TomcatWebServer  : Tomcat started on port(s): 7878 (http) with context path ''
2020-02-27 02:22:38.352  INFO 10804 --- [main] c.B.B.BillingLogicApplication            : Started BillingLogicApplication in 14.1 seconds (JVM running for 14.983)
2020-02-27 02:23:02.399  INFO 10804 --- [http-nio-7878-exec-2] o.a.c.c.C.[Tomcat].[localhost].[/]       : Initializing Spring DispatcherServlet 'dispatcherServlet'
2020-02-27 02:23:02.400  INFO 10804 --- [http-nio-7878-exec-2] o.s.web.servlet.DispatcherServlet        : Initializing Servlet 'dispatcherServlet'
2020-02-27 02:23:02.423  INFO 10804 --- [http-nio-7878-exec-2] o.s.web.servlet.DispatcherServlet        : Completed initialization in 22 ms
2020-02-27 02:23:02.522 ERROR 10804 --- [http-nio-7878-exec-2] o.a.c.c.C.[.[.[/].[dispatcherServlet]    : Servlet.service() for servlet [dispatcherServlet] in context with path [] threw exception [Request processing failed; nested exception is java.lang.NullPointerException] with root cause

java.lang.NullPointerException: null
	at com.BillingLogic.BillingLogic.controller.CartKafkaController.postItemToKafkaTopic(CartKafkaController.java:48) ~[classes/:na]
	at sun.reflect.NativeMethodAccessorImpl.invoke0(Native Method) ~[na:1.8.0_211]
	at sun.reflect.NativeMethodAccessorImpl.invoke(NativeMethodAccessorImpl.java:62) ~[na:1.8.0_211]
	at sun.reflect.DelegatingMethodAccessorImpl.invoke(DelegatingMethodAccessorImpl.java:43) ~[na:1.8.0_211]
	at java.lang.reflect.Method.invoke(Method.java:498) ~[na:1.8.0_211]
	at org.springframework.web.method.support.InvocableHandlerMethod.doInvoke(InvocableHandlerMethod.java:190) ~[spring-web-5.2.3.RELEASE.jar:5.2.3.RELEASE]
	at org.springframework.web.method.support.InvocableHandlerMethod.invokeForRequest(InvocableHandlerMethod.java:138) ~[spring-web-5.2.3.RELEASE.jar:5.2.3.RELEASE]
	at org.springframework.web.servlet.mvc.method.annotation.ServletInvocableHandlerMethod.invokeAndHandle(ServletInvocableHandlerMethod.java:106) ~[spring-webmvc-5.2.3.RELEASE.jar:5.2.3.RELEASE]
	at org.springframework.web.servlet.mvc.method.annotation.RequestMappingHandlerAdapter.invokeHandlerMethod(RequestMappingHandlerAdapter.java:888) ~[spring-webmvc-5.2.3.RELEASE.jar:5.2.3.RELEASE]
	at org.springframework.web.servlet.mvc.method.annotation.RequestMappingHandlerAdapter.handleInternal(RequestMappingHandlerAdapter.java:793) ~[spring-webmvc-5.2.3.RELEASE.jar:5.2.3.RELEASE]
	at org.springframework.web.servlet.mvc.method.AbstractHandlerMethodAdapter.handle(AbstractHandlerMethodAdapter.java:87) ~[spring-webmvc-5.2.3.RELEASE.jar:5.2.3.RELEASE]
	at org.springframework.web.servlet.DispatcherServlet.doDispatch(DispatcherServlet.java:1040) ~[spring-webmvc-5.2.3.RELEASE.jar:5.2.3.RELEASE]
	at org.springframework.web.servlet.DispatcherServlet.doService(DispatcherServlet.java:943) ~[spring-webmvc-5.2.3.RELEASE.jar:5.2.3.RELEASE]
	at org.springframework.web.servlet.FrameworkServlet.processRequest(FrameworkServlet.java:1006) ~[spring-webmvc-5.2.3.RELEASE.jar:5.2.3.RELEASE]
	at org.springframework.web.servlet.FrameworkServlet.doPost(FrameworkServlet.java:909) ~[spring-webmvc-5.2.3.RELEASE.jar:5.2.3.RELEASE]
	at javax.servlet.http.HttpServlet.service(HttpServlet.java:660) ~[tomcat-embed-core-9.0.30.jar:9.0.30]
	at org.springframework.web.servlet.FrameworkServlet.service(FrameworkServlet.java:883) ~[spring-webmvc-5.2.3.RELEASE.jar:5.2.3.RELEASE]
	at javax.servlet.http.HttpServlet.service(HttpServlet.java:741) ~[tomcat-embed-core-9.0.30.jar:9.0.30]
	at org.apache.catalina.core.ApplicationFilterChain.internalDoFilter(ApplicationFilterChain.java:231) ~[tomcat-embed-core-9.0.30.jar:9.0.30]
	at org.apache.catalina.core.ApplicationFilterChain.doFilter(ApplicationFilterChain.java:166) ~[tomcat-embed-core-9.0.30.jar:9.0.30]
	at org.apache.tomcat.websocket.server.WsFilter.doFilter(WsFilter.java:53) ~[tomcat-embed-websocket-9.0.30.jar:9.0.30]
	at org.apache.catalina.core.ApplicationFilterChain.internalDoFilter(ApplicationFilterChain.java:193) ~[tomcat-embed-core-9.0.30.jar:9.0.30]
	at org.apache.catalina.core.ApplicationFilterChain.doFilter(ApplicationFilterChain.java:166) ~[tomcat-embed-core-9.0.30.jar:9.0.30]
	at org.springframework.web.filter.RequestContextFilter.doFilterInternal(RequestContextFilter.java:100) ~[spring-web-5.2.3.RELEASE.jar:5.2.3.RELEASE]
	at org.springframework.web.filter.OncePerRequestFilter.doFilter(OncePerRequestFilter.java:119) ~[spring-web-5.2.3.RELEASE.jar:5.2.3.RELEASE]
	at org.apache.catalina.core.ApplicationFilterChain.internalDoFilter(ApplicationFilterChain.java:193) ~[tomcat-embed-core-9.0.30.jar:9.0.30]
	at org.apache.catalina.core.ApplicationFilterChain.doFilter(ApplicationFilterChain.java:166) ~[tomcat-embed-core-9.0.30.jar:9.0.30]
	at org.springframework.web.filter.FormContentFilter.doFilterInternal(FormContentFilter.java:93) ~[spring-web-5.2.3.RELEASE.jar:5.2.3.RELEASE]
	at org.springframework.web.filter.OncePerRequestFilter.doFilter(OncePerRequestFilter.java:119) ~[spring-web-5.2.3.RELEASE.jar:5.2.3.RELEASE]
	at org.apache.catalina.core.ApplicationFilterChain.internalDoFilter(ApplicationFilterChain.java:193) ~[tomcat-embed-core-9.0.30.jar:9.0.30]
	at org.apache.catalina.core.ApplicationFilterChain.doFilter(ApplicationFilterChain.java:166) ~[tomcat-embed-core-9.0.30.jar:9.0.30]
	at org.springframework.web.filter.CharacterEncodingFilter.doFilterInternal(CharacterEncodingFilter.java:201) ~[spring-web-5.2.3.RELEASE.jar:5.2.3.RELEASE]
	at org.springframework.web.filter.OncePerRequestFilter.doFilter(OncePerRequestFilter.java:119) ~[spring-web-5.2.3.RELEASE.jar:5.2.3.RELEASE]
	at org.apache.catalina.core.ApplicationFilterChain.internalDoFilter(ApplicationFilterChain.java:193) ~[tomcat-embed-core-9.0.30.jar:9.0.30]
	at org.apache.catalina.core.ApplicationFilterChain.doFilter(ApplicationFilterChain.java:166) ~[tomcat-embed-core-9.0.30.jar:9.0.30]
	at org.apache.catalina.core.StandardWrapperValve.invoke(StandardWrapperValve.java:202) ~[tomcat-embed-core-9.0.30.jar:9.0.30]
	at org.apache.catalina.core.StandardContextValve.invoke(StandardContextValve.java:96) [tomcat-embed-core-9.0.30.jar:9.0.30]
	at org.apache.catalina.authenticator.AuthenticatorBase.invoke(AuthenticatorBase.java:541) [tomcat-embed-core-9.0.30.jar:9.0.30]
	at org.apache.catalina.core.StandardHostValve.invoke(StandardHostValve.java:139) [tomcat-embed-core-9.0.30.jar:9.0.30]
	at org.apache.catalina.valves.ErrorReportValve.invoke(ErrorReportValve.java:92) [tomcat-embed-core-9.0.30.jar:9.0.30]
	at org.apache.catalina.core.StandardEngineValve.invoke(StandardEngineValve.java:74) [tomcat-embed-core-9.0.30.jar:9.0.30]
	at org.apache.catalina.connector.CoyoteAdapter.service(CoyoteAdapter.java:343) [tomcat-embed-core-9.0.30.jar:9.0.30]
	at org.apache.coyote.http11.Http11Processor.service(Http11Processor.java:367) [tomcat-embed-core-9.0.30.jar:9.0.30]
	at org.apache.coyote.AbstractProcessorLight.process(AbstractProcessorLight.java:65) [tomcat-embed-core-9.0.30.jar:9.0.30]
	at org.apache.coyote.AbstractProtocol$ConnectionHandler.process(AbstractProtocol.java:860) [tomcat-embed-core-9.0.30.jar:9.0.30]
	at org.apache.tomcat.util.net.NioEndpoint$SocketProcessor.doRun(NioEndpoint.java:1598) [tomcat-embed-core-9.0.30.jar:9.0.30]
	at org.apache.tomcat.util.net.SocketProcessorBase.run(SocketProcessorBase.java:49) [tomcat-embed-core-9.0.30.jar:9.0.30]
	at java.util.concurrent.ThreadPoolExecutor.runWorker(ThreadPoolExecutor.java:1149) [na:1.8.0_211]
	at java.util.concurrent.ThreadPoolExecutor$Worker.run(ThreadPoolExecutor.java:624) [na:1.8.0_211]
	at org.apache.tomcat.util.threads.TaskThread$WrappingRunnable.run(TaskThread.java:61) [tomcat-embed-core-9.0.30.jar:9.0.30]
	at java.lang.Thread.run(Thread.java:748) [na:1.8.0_211]

2020-02-27 02:26:27.288  INFO 10804 --- [SpringContextShutdownHook] o.s.s.concurrent.ThreadPoolTaskExecutor  : Shutting down ExecutorService 'applicationTaskExecutor'
2020-02-27 02:26:44.980  WARN 10895 --- [main] o.s.boot.StartupInfoLogger               : InetAddress.getLocalHost().getHostName() took 5006 milliseconds to respond. Please verify your network configuration (macOS machines may need to add entries to /etc/hosts).
2020-02-27 02:26:49.994  INFO 10895 --- [main] c.B.B.BillingLogicApplication            : Starting BillingLogicApplication on Santanus-MacBook-Air.local with PID 10895 (/Users/santanu/Downloads/BillingLogic/BillingLogic/target/classes started by santanu in /Users/santanu/Downloads/BillingLogic/BillingLogic)
2020-02-27 02:26:49.996  INFO 10895 --- [main] c.B.B.BillingLogicApplication            : No active profile set, falling back to default profiles: default
2020-02-27 02:26:51.682  INFO 10895 --- [main] o.s.b.w.embedded.tomcat.TomcatWebServer  : Tomcat initialized with port(s): 7878 (http)
2020-02-27 02:26:51.694  INFO 10895 --- [main] o.apache.catalina.core.StandardService   : Starting service [Tomcat]
2020-02-27 02:26:51.695  INFO 10895 --- [main] org.apache.catalina.core.StandardEngine  : Starting Servlet engine: [Apache Tomcat/9.0.30]
2020-02-27 02:26:51.801  INFO 10895 --- [main] o.a.c.c.C.[Tomcat].[localhost].[/]       : Initializing Spring embedded WebApplicationContext
2020-02-27 02:26:51.801  INFO 10895 --- [main] o.s.web.context.ContextLoader            : Root WebApplicationContext: initialization completed in 1713 ms
2020-02-27 02:26:52.299  INFO 10895 --- [main] org.redisson.Version                     : Redisson 3.2.0
2020-02-27 02:26:57.719  INFO 10895 --- [redisson-netty-1-8] o.r.c.pool.SinglePubSubConnectionPool    : 1 connections initialized for /127.0.0.1:6379
2020-02-27 02:26:57.727  INFO 10895 --- [redisson-netty-1-5] o.r.c.pool.MasterConnectionPool          : 5 connections initialized for /127.0.0.1:6379
2020-02-27 02:26:58.254  INFO 10895 --- [main] o.s.s.concurrent.ThreadPoolTaskExecutor  : Initializing ExecutorService 'applicationTaskExecutor'
2020-02-27 02:26:58.660  INFO 10895 --- [main] o.s.b.w.embedded.tomcat.TomcatWebServer  : Tomcat started on port(s): 7878 (http) with context path ''
2020-02-27 02:26:58.668  INFO 10895 --- [main] c.B.B.BillingLogicApplication            : Started BillingLogicApplication in 24.4 seconds (JVM running for 25.214)
2020-02-27 02:27:03.389  INFO 10895 --- [http-nio-7878-exec-2] o.a.c.c.C.[Tomcat].[localhost].[/]       : Initializing Spring DispatcherServlet 'dispatcherServlet'
2020-02-27 02:27:03.389  INFO 10895 --- [http-nio-7878-exec-2] o.s.web.servlet.DispatcherServlet        : Initializing Servlet 'dispatcherServlet'
2020-02-27 02:27:03.408  INFO 10895 --- [http-nio-7878-exec-2] o.s.web.servlet.DispatcherServlet        : Completed initialization in 19 ms
2020-02-27 02:27:03.516 ERROR 10895 --- [http-nio-7878-exec-2] o.a.c.c.C.[.[.[/].[dispatcherServlet]    : Servlet.service() for servlet [dispatcherServlet] in context with path [] threw exception [Request processing failed; nested exception is java.lang.NullPointerException] with root cause

java.lang.NullPointerException: null
	at com.BillingLogic.BillingLogic.controller.CartKafkaController.postItemToKafkaTopic(CartKafkaController.java:48) ~[classes/:na]
	at sun.reflect.NativeMethodAccessorImpl.invoke0(Native Method) ~[na:1.8.0_211]
	at sun.reflect.NativeMethodAccessorImpl.invoke(NativeMethodAccessorImpl.java:62) ~[na:1.8.0_211]
	at sun.reflect.DelegatingMethodAccessorImpl.invoke(DelegatingMethodAccessorImpl.java:43) ~[na:1.8.0_211]
	at java.lang.reflect.Method.invoke(Method.java:498) ~[na:1.8.0_211]
	at org.springframework.web.method.support.InvocableHandlerMethod.doInvoke(InvocableHandlerMethod.java:190) ~[spring-web-5.2.3.RELEASE.jar:5.2.3.RELEASE]
	at org.springframework.web.method.support.InvocableHandlerMethod.invokeForRequest(InvocableHandlerMethod.java:138) ~[spring-web-5.2.3.RELEASE.jar:5.2.3.RELEASE]
	at org.springframework.web.servlet.mvc.method.annotation.ServletInvocableHandlerMethod.invokeAndHandle(ServletInvocableHandlerMethod.java:106) ~[spring-webmvc-5.2.3.RELEASE.jar:5.2.3.RELEASE]
	at org.springframework.web.servlet.mvc.method.annotation.RequestMappingHandlerAdapter.invokeHandlerMethod(RequestMappingHandlerAdapter.java:888) ~[spring-webmvc-5.2.3.RELEASE.jar:5.2.3.RELEASE]
	at org.springframework.web.servlet.mvc.method.annotation.RequestMappingHandlerAdapter.handleInternal(RequestMappingHandlerAdapter.java:793) ~[spring-webmvc-5.2.3.RELEASE.jar:5.2.3.RELEASE]
	at org.springframework.web.servlet.mvc.method.AbstractHandlerMethodAdapter.handle(AbstractHandlerMethodAdapter.java:87) ~[spring-webmvc-5.2.3.RELEASE.jar:5.2.3.RELEASE]
	at org.springframework.web.servlet.DispatcherServlet.doDispatch(DispatcherServlet.java:1040) ~[spring-webmvc-5.2.3.RELEASE.jar:5.2.3.RELEASE]
	at org.springframework.web.servlet.DispatcherServlet.doService(DispatcherServlet.java:943) ~[spring-webmvc-5.2.3.RELEASE.jar:5.2.3.RELEASE]
	at org.springframework.web.servlet.FrameworkServlet.processRequest(FrameworkServlet.java:1006) ~[spring-webmvc-5.2.3.RELEASE.jar:5.2.3.RELEASE]
	at org.springframework.web.servlet.FrameworkServlet.doPost(FrameworkServlet.java:909) ~[spring-webmvc-5.2.3.RELEASE.jar:5.2.3.RELEASE]
	at javax.servlet.http.HttpServlet.service(HttpServlet.java:660) ~[tomcat-embed-core-9.0.30.jar:9.0.30]
	at org.springframework.web.servlet.FrameworkServlet.service(FrameworkServlet.java:883) ~[spring-webmvc-5.2.3.RELEASE.jar:5.2.3.RELEASE]
	at javax.servlet.http.HttpServlet.service(HttpServlet.java:741) ~[tomcat-embed-core-9.0.30.jar:9.0.30]
	at org.apache.catalina.core.ApplicationFilterChain.internalDoFilter(ApplicationFilterChain.java:231) ~[tomcat-embed-core-9.0.30.jar:9.0.30]
	at org.apache.catalina.core.ApplicationFilterChain.doFilter(ApplicationFilterChain.java:166) ~[tomcat-embed-core-9.0.30.jar:9.0.30]
	at org.apache.tomcat.websocket.server.WsFilter.doFilter(WsFilter.java:53) ~[tomcat-embed-websocket-9.0.30.jar:9.0.30]
	at org.apache.catalina.core.ApplicationFilterChain.internalDoFilter(ApplicationFilterChain.java:193) ~[tomcat-embed-core-9.0.30.jar:9.0.30]
	at org.apache.catalina.core.ApplicationFilterChain.doFilter(ApplicationFilterChain.java:166) ~[tomcat-embed-core-9.0.30.jar:9.0.30]
	at org.springframework.web.filter.RequestContextFilter.doFilterInternal(RequestContextFilter.java:100) ~[spring-web-5.2.3.RELEASE.jar:5.2.3.RELEASE]
	at org.springframework.web.filter.OncePerRequestFilter.doFilter(OncePerRequestFilter.java:119) ~[spring-web-5.2.3.RELEASE.jar:5.2.3.RELEASE]
	at org.apache.catalina.core.ApplicationFilterChain.internalDoFilter(ApplicationFilterChain.java:193) ~[tomcat-embed-core-9.0.30.jar:9.0.30]
	at org.apache.catalina.core.ApplicationFilterChain.doFilter(ApplicationFilterChain.java:166) ~[tomcat-embed-core-9.0.30.jar:9.0.30]
	at org.springframework.web.filter.FormContentFilter.doFilterInternal(FormContentFilter.java:93) ~[spring-web-5.2.3.RELEASE.jar:5.2.3.RELEASE]
	at org.springframework.web.filter.OncePerRequestFilter.doFilter(OncePerRequestFilter.java:119) ~[spring-web-5.2.3.RELEASE.jar:5.2.3.RELEASE]
	at org.apache.catalina.core.ApplicationFilterChain.internalDoFilter(ApplicationFilterChain.java:193) ~[tomcat-embed-core-9.0.30.jar:9.0.30]
	at org.apache.catalina.core.ApplicationFilterChain.doFilter(ApplicationFilterChain.java:166) ~[tomcat-embed-core-9.0.30.jar:9.0.30]
	at org.springframework.web.filter.CharacterEncodingFilter.doFilterInternal(CharacterEncodingFilter.java:201) ~[spring-web-5.2.3.RELEASE.jar:5.2.3.RELEASE]
	at org.springframework.web.filter.OncePerRequestFilter.doFilter(OncePerRequestFilter.java:119) ~[spring-web-5.2.3.RELEASE.jar:5.2.3.RELEASE]
	at org.apache.catalina.core.ApplicationFilterChain.internalDoFilter(ApplicationFilterChain.java:193) ~[tomcat-embed-core-9.0.30.jar:9.0.30]
	at org.apache.catalina.core.ApplicationFilterChain.doFilter(ApplicationFilterChain.java:166) ~[tomcat-embed-core-9.0.30.jar:9.0.30]
	at org.apache.catalina.core.StandardWrapperValve.invoke(StandardWrapperValve.java:202) ~[tomcat-embed-core-9.0.30.jar:9.0.30]
	at org.apache.catalina.core.StandardContextValve.invoke(StandardContextValve.java:96) [tomcat-embed-core-9.0.30.jar:9.0.30]
	at org.apache.catalina.authenticator.AuthenticatorBase.invoke(AuthenticatorBase.java:541) [tomcat-embed-core-9.0.30.jar:9.0.30]
	at org.apache.catalina.core.StandardHostValve.invoke(StandardHostValve.java:139) [tomcat-embed-core-9.0.30.jar:9.0.30]
	at org.apache.catalina.valves.ErrorReportValve.invoke(ErrorReportValve.java:92) [tomcat-embed-core-9.0.30.jar:9.0.30]
	at org.apache.catalina.core.StandardEngineValve.invoke(StandardEngineValve.java:74) [tomcat-embed-core-9.0.30.jar:9.0.30]
	at org.apache.catalina.connector.CoyoteAdapter.service(CoyoteAdapter.java:343) [tomcat-embed-core-9.0.30.jar:9.0.30]
	at org.apache.coyote.http11.Http11Processor.service(Http11Processor.java:367) [tomcat-embed-core-9.0.30.jar:9.0.30]
	at org.apache.coyote.AbstractProcessorLight.process(AbstractProcessorLight.java:65) [tomcat-embed-core-9.0.30.jar:9.0.30]
	at org.apache.coyote.AbstractProtocol$ConnectionHandler.process(AbstractProtocol.java:860) [tomcat-embed-core-9.0.30.jar:9.0.30]
	at org.apache.tomcat.util.net.NioEndpoint$SocketProcessor.doRun(NioEndpoint.java:1598) [tomcat-embed-core-9.0.30.jar:9.0.30]
	at org.apache.tomcat.util.net.SocketProcessorBase.run(SocketProcessorBase.java:49) [tomcat-embed-core-9.0.30.jar:9.0.30]
	at java.util.concurrent.ThreadPoolExecutor.runWorker(ThreadPoolExecutor.java:1149) [na:1.8.0_211]
	at java.util.concurrent.ThreadPoolExecutor$Worker.run(ThreadPoolExecutor.java:624) [na:1.8.0_211]
	at org.apache.tomcat.util.threads.TaskThread$WrappingRunnable.run(TaskThread.java:61) [tomcat-embed-core-9.0.30.jar:9.0.30]
	at java.lang.Thread.run(Thread.java:748) [na:1.8.0_211]

2020-02-27 02:28:19.299 ERROR 10895 --- [http-nio-7878-exec-4] o.a.c.c.C.[.[.[/].[dispatcherServlet]    : Servlet.service() for servlet [dispatcherServlet] in context with path [] threw exception [Request processing failed; nested exception is java.lang.NullPointerException] with root cause

java.lang.NullPointerException: null
	at com.BillingLogic.BillingLogic.controller.CartKafkaController.postItemToKafkaTopic(CartKafkaController.java:48) ~[classes/:na]
	at sun.reflect.NativeMethodAccessorImpl.invoke0(Native Method) ~[na:1.8.0_211]
	at sun.reflect.NativeMethodAccessorImpl.invoke(NativeMethodAccessorImpl.java:62) ~[na:1.8.0_211]
	at sun.reflect.DelegatingMethodAccessorImpl.invoke(DelegatingMethodAccessorImpl.java:43) ~[na:1.8.0_211]
	at java.lang.reflect.Method.invoke(Method.java:498) ~[na:1.8.0_211]
	at org.springframework.web.method.support.InvocableHandlerMethod.doInvoke(InvocableHandlerMethod.java:190) ~[spring-web-5.2.3.RELEASE.jar:5.2.3.RELEASE]
	at org.springframework.web.method.support.InvocableHandlerMethod.invokeForRequest(InvocableHandlerMethod.java:138) ~[spring-web-5.2.3.RELEASE.jar:5.2.3.RELEASE]
	at org.springframework.web.servlet.mvc.method.annotation.ServletInvocableHandlerMethod.invokeAndHandle(ServletInvocableHandlerMethod.java:106) ~[spring-webmvc-5.2.3.RELEASE.jar:5.2.3.RELEASE]
	at org.springframework.web.servlet.mvc.method.annotation.RequestMappingHandlerAdapter.invokeHandlerMethod(RequestMappingHandlerAdapter.java:888) ~[spring-webmvc-5.2.3.RELEASE.jar:5.2.3.RELEASE]
	at org.springframework.web.servlet.mvc.method.annotation.RequestMappingHandlerAdapter.handleInternal(RequestMappingHandlerAdapter.java:793) ~[spring-webmvc-5.2.3.RELEASE.jar:5.2.3.RELEASE]
	at org.springframework.web.servlet.mvc.method.AbstractHandlerMethodAdapter.handle(AbstractHandlerMethodAdapter.java:87) ~[spring-webmvc-5.2.3.RELEASE.jar:5.2.3.RELEASE]
	at org.springframework.web.servlet.DispatcherServlet.doDispatch(DispatcherServlet.java:1040) ~[spring-webmvc-5.2.3.RELEASE.jar:5.2.3.RELEASE]
	at org.springframework.web.servlet.DispatcherServlet.doService(DispatcherServlet.java:943) ~[spring-webmvc-5.2.3.RELEASE.jar:5.2.3.RELEASE]
	at org.springframework.web.servlet.FrameworkServlet.processRequest(FrameworkServlet.java:1006) ~[spring-webmvc-5.2.3.RELEASE.jar:5.2.3.RELEASE]
	at org.springframework.web.servlet.FrameworkServlet.doPost(FrameworkServlet.java:909) ~[spring-webmvc-5.2.3.RELEASE.jar:5.2.3.RELEASE]
	at javax.servlet.http.HttpServlet.service(HttpServlet.java:660) ~[tomcat-embed-core-9.0.30.jar:9.0.30]
	at org.springframework.web.servlet.FrameworkServlet.service(FrameworkServlet.java:883) ~[spring-webmvc-5.2.3.RELEASE.jar:5.2.3.RELEASE]
	at javax.servlet.http.HttpServlet.service(HttpServlet.java:741) ~[tomcat-embed-core-9.0.30.jar:9.0.30]
	at org.apache.catalina.core.ApplicationFilterChain.internalDoFilter(ApplicationFilterChain.java:231) ~[tomcat-embed-core-9.0.30.jar:9.0.30]
	at org.apache.catalina.core.ApplicationFilterChain.doFilter(ApplicationFilterChain.java:166) ~[tomcat-embed-core-9.0.30.jar:9.0.30]
	at org.apache.tomcat.websocket.server.WsFilter.doFilter(WsFilter.java:53) ~[tomcat-embed-websocket-9.0.30.jar:9.0.30]
	at org.apache.catalina.core.ApplicationFilterChain.internalDoFilter(ApplicationFilterChain.java:193) ~[tomcat-embed-core-9.0.30.jar:9.0.30]
	at org.apache.catalina.core.ApplicationFilterChain.doFilter(ApplicationFilterChain.java:166) ~[tomcat-embed-core-9.0.30.jar:9.0.30]
	at org.springframework.web.filter.RequestContextFilter.doFilterInternal(RequestContextFilter.java:100) ~[spring-web-5.2.3.RELEASE.jar:5.2.3.RELEASE]
	at org.springframework.web.filter.OncePerRequestFilter.doFilter(OncePerRequestFilter.java:119) ~[spring-web-5.2.3.RELEASE.jar:5.2.3.RELEASE]
	at org.apache.catalina.core.ApplicationFilterChain.internalDoFilter(ApplicationFilterChain.java:193) ~[tomcat-embed-core-9.0.30.jar:9.0.30]
	at org.apache.catalina.core.ApplicationFilterChain.doFilter(ApplicationFilterChain.java:166) ~[tomcat-embed-core-9.0.30.jar:9.0.30]
	at org.springframework.web.filter.FormContentFilter.doFilterInternal(FormContentFilter.java:93) ~[spring-web-5.2.3.RELEASE.jar:5.2.3.RELEASE]
	at org.springframework.web.filter.OncePerRequestFilter.doFilter(OncePerRequestFilter.java:119) ~[spring-web-5.2.3.RELEASE.jar:5.2.3.RELEASE]
	at org.apache.catalina.core.ApplicationFilterChain.internalDoFilter(ApplicationFilterChain.java:193) ~[tomcat-embed-core-9.0.30.jar:9.0.30]
	at org.apache.catalina.core.ApplicationFilterChain.doFilter(ApplicationFilterChain.java:166) ~[tomcat-embed-core-9.0.30.jar:9.0.30]
	at org.springframework.web.filter.CharacterEncodingFilter.doFilterInternal(CharacterEncodingFilter.java:201) ~[spring-web-5.2.3.RELEASE.jar:5.2.3.RELEASE]
	at org.springframework.web.filter.OncePerRequestFilter.doFilter(OncePerRequestFilter.java:119) ~[spring-web-5.2.3.RELEASE.jar:5.2.3.RELEASE]
	at org.apache.catalina.core.ApplicationFilterChain.internalDoFilter(ApplicationFilterChain.java:193) ~[tomcat-embed-core-9.0.30.jar:9.0.30]
	at org.apache.catalina.core.ApplicationFilterChain.doFilter(ApplicationFilterChain.java:166) ~[tomcat-embed-core-9.0.30.jar:9.0.30]
	at org.apache.catalina.core.StandardWrapperValve.invoke(StandardWrapperValve.java:202) ~[tomcat-embed-core-9.0.30.jar:9.0.30]
	at org.apache.catalina.core.StandardContextValve.invoke(StandardContextValve.java:96) [tomcat-embed-core-9.0.30.jar:9.0.30]
	at org.apache.catalina.authenticator.AuthenticatorBase.invoke(AuthenticatorBase.java:541) [tomcat-embed-core-9.0.30.jar:9.0.30]
	at org.apache.catalina.core.StandardHostValve.invoke(StandardHostValve.java:139) [tomcat-embed-core-9.0.30.jar:9.0.30]
	at org.apache.catalina.valves.ErrorReportValve.invoke(ErrorReportValve.java:92) [tomcat-embed-core-9.0.30.jar:9.0.30]
	at org.apache.catalina.core.StandardEngineValve.invoke(StandardEngineValve.java:74) [tomcat-embed-core-9.0.30.jar:9.0.30]
	at org.apache.catalina.connector.CoyoteAdapter.service(CoyoteAdapter.java:343) [tomcat-embed-core-9.0.30.jar:9.0.30]
	at org.apache.coyote.http11.Http11Processor.service(Http11Processor.java:367) [tomcat-embed-core-9.0.30.jar:9.0.30]
	at org.apache.coyote.AbstractProcessorLight.process(AbstractProcessorLight.java:65) [tomcat-embed-core-9.0.30.jar:9.0.30]
	at org.apache.coyote.AbstractProtocol$ConnectionHandler.process(AbstractProtocol.java:860) [tomcat-embed-core-9.0.30.jar:9.0.30]
	at org.apache.tomcat.util.net.NioEndpoint$SocketProcessor.doRun(NioEndpoint.java:1598) [tomcat-embed-core-9.0.30.jar:9.0.30]
	at org.apache.tomcat.util.net.SocketProcessorBase.run(SocketProcessorBase.java:49) [tomcat-embed-core-9.0.30.jar:9.0.30]
	at java.util.concurrent.ThreadPoolExecutor.runWorker(ThreadPoolExecutor.java:1149) [na:1.8.0_211]
	at java.util.concurrent.ThreadPoolExecutor$Worker.run(ThreadPoolExecutor.java:624) [na:1.8.0_211]
	at org.apache.tomcat.util.threads.TaskThread$WrappingRunnable.run(TaskThread.java:61) [tomcat-embed-core-9.0.30.jar:9.0.30]
	at java.lang.Thread.run(Thread.java:748) [na:1.8.0_211]

2020-02-27 02:31:22.488  INFO 10895 --- [SpringContextShutdownHook] o.s.s.concurrent.ThreadPoolTaskExecutor  : Shutting down ExecutorService 'applicationTaskExecutor'
2020-02-27 02:31:40.593  WARN 11043 --- [main] o.s.boot.StartupInfoLogger               : InetAddress.getLocalHost().getHostName() took 5003 milliseconds to respond. Please verify your network configuration (macOS machines may need to add entries to /etc/hosts).
2020-02-27 02:31:45.607  INFO 11043 --- [main] c.B.B.BillingLogicApplication            : Starting BillingLogicApplication on Santanus-MacBook-Air.local with PID 11043 (/Users/santanu/Downloads/BillingLogic/BillingLogic/target/classes started by santanu in /Users/santanu/Downloads/BillingLogic/BillingLogic)
2020-02-27 02:31:45.609  INFO 11043 --- [main] c.B.B.BillingLogicApplication            : No active profile set, falling back to default profiles: default
2020-02-27 02:31:47.295  INFO 11043 --- [main] o.s.b.w.embedded.tomcat.TomcatWebServer  : Tomcat initialized with port(s): 7878 (http)
2020-02-27 02:31:47.316  INFO 11043 --- [main] o.apache.catalina.core.StandardService   : Starting service [Tomcat]
2020-02-27 02:31:47.316  INFO 11043 --- [main] org.apache.catalina.core.StandardEngine  : Starting Servlet engine: [Apache Tomcat/9.0.30]
2020-02-27 02:31:47.448  INFO 11043 --- [main] o.a.c.c.C.[Tomcat].[localhost].[/]       : Initializing Spring embedded WebApplicationContext
2020-02-27 02:31:47.449  INFO 11043 --- [main] o.s.web.context.ContextLoader            : Root WebApplicationContext: initialization completed in 1762 ms
2020-02-27 02:31:47.844  INFO 11043 --- [main] org.redisson.Version                     : Redisson 3.2.0
2020-02-27 02:31:53.286  INFO 11043 --- [redisson-netty-1-1] o.r.c.pool.MasterConnectionPool          : 5 connections initialized for /127.0.0.1:6379
2020-02-27 02:31:53.287  INFO 11043 --- [redisson-netty-1-5] o.r.c.pool.SinglePubSubConnectionPool    : 1 connections initialized for /127.0.0.1:6379
2020-02-27 02:31:53.869  INFO 11043 --- [main] o.s.s.concurrent.ThreadPoolTaskExecutor  : Initializing ExecutorService 'applicationTaskExecutor'
2020-02-27 02:31:54.324  INFO 11043 --- [main] o.s.b.w.embedded.tomcat.TomcatWebServer  : Tomcat started on port(s): 7878 (http) with context path ''
2020-02-27 02:31:54.332  INFO 11043 --- [main] c.B.B.BillingLogicApplication            : Started BillingLogicApplication in 24.465 seconds (JVM running for 25.23)
2020-02-27 02:32:17.139  INFO 11043 --- [http-nio-7878-exec-1] o.a.c.c.C.[Tomcat].[localhost].[/]       : Initializing Spring DispatcherServlet 'dispatcherServlet'
2020-02-27 02:32:17.141  INFO 11043 --- [http-nio-7878-exec-1] o.s.web.servlet.DispatcherServlet        : Initializing Servlet 'dispatcherServlet'
2020-02-27 02:32:17.173  INFO 11043 --- [http-nio-7878-exec-1] o.s.web.servlet.DispatcherServlet        : Completed initialization in 32 ms
2020-02-27 02:32:17.244 ERROR 11043 --- [http-nio-7878-exec-1] o.a.c.c.C.[.[.[/].[dispatcherServlet]    : Servlet.service() for servlet [dispatcherServlet] in context with path [] threw exception [Request processing failed; nested exception is java.lang.NullPointerException] with root cause

java.lang.NullPointerException: null
	at com.BillingLogic.BillingLogic.controller.CartKafkaController.postItemToKafkaTopic(CartKafkaController.java:48) ~[classes/:na]
	at sun.reflect.NativeMethodAccessorImpl.invoke0(Native Method) ~[na:1.8.0_211]
	at sun.reflect.NativeMethodAccessorImpl.invoke(NativeMethodAccessorImpl.java:62) ~[na:1.8.0_211]
	at sun.reflect.DelegatingMethodAccessorImpl.invoke(DelegatingMethodAccessorImpl.java:43) ~[na:1.8.0_211]
	at java.lang.reflect.Method.invoke(Method.java:498) ~[na:1.8.0_211]
	at org.springframework.web.method.support.InvocableHandlerMethod.doInvoke(InvocableHandlerMethod.java:190) ~[spring-web-5.2.3.RELEASE.jar:5.2.3.RELEASE]
	at org.springframework.web.method.support.InvocableHandlerMethod.invokeForRequest(InvocableHandlerMethod.java:138) ~[spring-web-5.2.3.RELEASE.jar:5.2.3.RELEASE]
	at org.springframework.web.servlet.mvc.method.annotation.ServletInvocableHandlerMethod.invokeAndHandle(ServletInvocableHandlerMethod.java:106) ~[spring-webmvc-5.2.3.RELEASE.jar:5.2.3.RELEASE]
	at org.springframework.web.servlet.mvc.method.annotation.RequestMappingHandlerAdapter.invokeHandlerMethod(RequestMappingHandlerAdapter.java:888) ~[spring-webmvc-5.2.3.RELEASE.jar:5.2.3.RELEASE]
	at org.springframework.web.servlet.mvc.method.annotation.RequestMappingHandlerAdapter.handleInternal(RequestMappingHandlerAdapter.java:793) ~[spring-webmvc-5.2.3.RELEASE.jar:5.2.3.RELEASE]
	at org.springframework.web.servlet.mvc.method.AbstractHandlerMethodAdapter.handle(AbstractHandlerMethodAdapter.java:87) ~[spring-webmvc-5.2.3.RELEASE.jar:5.2.3.RELEASE]
	at org.springframework.web.servlet.DispatcherServlet.doDispatch(DispatcherServlet.java:1040) ~[spring-webmvc-5.2.3.RELEASE.jar:5.2.3.RELEASE]
	at org.springframework.web.servlet.DispatcherServlet.doService(DispatcherServlet.java:943) ~[spring-webmvc-5.2.3.RELEASE.jar:5.2.3.RELEASE]
	at org.springframework.web.servlet.FrameworkServlet.processRequest(FrameworkServlet.java:1006) ~[spring-webmvc-5.2.3.RELEASE.jar:5.2.3.RELEASE]
	at org.springframework.web.servlet.FrameworkServlet.doPost(FrameworkServlet.java:909) ~[spring-webmvc-5.2.3.RELEASE.jar:5.2.3.RELEASE]
	at javax.servlet.http.HttpServlet.service(HttpServlet.java:660) ~[tomcat-embed-core-9.0.30.jar:9.0.30]
	at org.springframework.web.servlet.FrameworkServlet.service(FrameworkServlet.java:883) ~[spring-webmvc-5.2.3.RELEASE.jar:5.2.3.RELEASE]
	at javax.servlet.http.HttpServlet.service(HttpServlet.java:741) ~[tomcat-embed-core-9.0.30.jar:9.0.30]
	at org.apache.catalina.core.ApplicationFilterChain.internalDoFilter(ApplicationFilterChain.java:231) ~[tomcat-embed-core-9.0.30.jar:9.0.30]
	at org.apache.catalina.core.ApplicationFilterChain.doFilter(ApplicationFilterChain.java:166) ~[tomcat-embed-core-9.0.30.jar:9.0.30]
	at org.apache.tomcat.websocket.server.WsFilter.doFilter(WsFilter.java:53) ~[tomcat-embed-websocket-9.0.30.jar:9.0.30]
	at org.apache.catalina.core.ApplicationFilterChain.internalDoFilter(ApplicationFilterChain.java:193) ~[tomcat-embed-core-9.0.30.jar:9.0.30]
	at org.apache.catalina.core.ApplicationFilterChain.doFilter(ApplicationFilterChain.java:166) ~[tomcat-embed-core-9.0.30.jar:9.0.30]
	at org.springframework.web.filter.RequestContextFilter.doFilterInternal(RequestContextFilter.java:100) ~[spring-web-5.2.3.RELEASE.jar:5.2.3.RELEASE]
	at org.springframework.web.filter.OncePerRequestFilter.doFilter(OncePerRequestFilter.java:119) ~[spring-web-5.2.3.RELEASE.jar:5.2.3.RELEASE]
	at org.apache.catalina.core.ApplicationFilterChain.internalDoFilter(ApplicationFilterChain.java:193) ~[tomcat-embed-core-9.0.30.jar:9.0.30]
	at org.apache.catalina.core.ApplicationFilterChain.doFilter(ApplicationFilterChain.java:166) ~[tomcat-embed-core-9.0.30.jar:9.0.30]
	at org.springframework.web.filter.FormContentFilter.doFilterInternal(FormContentFilter.java:93) ~[spring-web-5.2.3.RELEASE.jar:5.2.3.RELEASE]
	at org.springframework.web.filter.OncePerRequestFilter.doFilter(OncePerRequestFilter.java:119) ~[spring-web-5.2.3.RELEASE.jar:5.2.3.RELEASE]
	at org.apache.catalina.core.ApplicationFilterChain.internalDoFilter(ApplicationFilterChain.java:193) ~[tomcat-embed-core-9.0.30.jar:9.0.30]
	at org.apache.catalina.core.ApplicationFilterChain.doFilter(ApplicationFilterChain.java:166) ~[tomcat-embed-core-9.0.30.jar:9.0.30]
	at org.springframework.web.filter.CharacterEncodingFilter.doFilterInternal(CharacterEncodingFilter.java:201) ~[spring-web-5.2.3.RELEASE.jar:5.2.3.RELEASE]
	at org.springframework.web.filter.OncePerRequestFilter.doFilter(OncePerRequestFilter.java:119) ~[spring-web-5.2.3.RELEASE.jar:5.2.3.RELEASE]
	at org.apache.catalina.core.ApplicationFilterChain.internalDoFilter(ApplicationFilterChain.java:193) ~[tomcat-embed-core-9.0.30.jar:9.0.30]
	at org.apache.catalina.core.ApplicationFilterChain.doFilter(ApplicationFilterChain.java:166) ~[tomcat-embed-core-9.0.30.jar:9.0.30]
	at org.apache.catalina.core.StandardWrapperValve.invoke(StandardWrapperValve.java:202) ~[tomcat-embed-core-9.0.30.jar:9.0.30]
	at org.apache.catalina.core.StandardContextValve.invoke(StandardContextValve.java:96) [tomcat-embed-core-9.0.30.jar:9.0.30]
	at org.apache.catalina.authenticator.AuthenticatorBase.invoke(AuthenticatorBase.java:541) [tomcat-embed-core-9.0.30.jar:9.0.30]
	at org.apache.catalina.core.StandardHostValve.invoke(StandardHostValve.java:139) [tomcat-embed-core-9.0.30.jar:9.0.30]
	at org.apache.catalina.valves.ErrorReportValve.invoke(ErrorReportValve.java:92) [tomcat-embed-core-9.0.30.jar:9.0.30]
	at org.apache.catalina.core.StandardEngineValve.invoke(StandardEngineValve.java:74) [tomcat-embed-core-9.0.30.jar:9.0.30]
	at org.apache.catalina.connector.CoyoteAdapter.service(CoyoteAdapter.java:343) [tomcat-embed-core-9.0.30.jar:9.0.30]
	at org.apache.coyote.http11.Http11Processor.service(Http11Processor.java:367) [tomcat-embed-core-9.0.30.jar:9.0.30]
	at org.apache.coyote.AbstractProcessorLight.process(AbstractProcessorLight.java:65) [tomcat-embed-core-9.0.30.jar:9.0.30]
	at org.apache.coyote.AbstractProtocol$ConnectionHandler.process(AbstractProtocol.java:860) [tomcat-embed-core-9.0.30.jar:9.0.30]
	at org.apache.tomcat.util.net.NioEndpoint$SocketProcessor.doRun(NioEndpoint.java:1598) [tomcat-embed-core-9.0.30.jar:9.0.30]
	at org.apache.tomcat.util.net.SocketProcessorBase.run(SocketProcessorBase.java:49) [tomcat-embed-core-9.0.30.jar:9.0.30]
	at java.util.concurrent.ThreadPoolExecutor.runWorker(ThreadPoolExecutor.java:1149) [na:1.8.0_211]
	at java.util.concurrent.ThreadPoolExecutor$Worker.run(ThreadPoolExecutor.java:624) [na:1.8.0_211]
	at org.apache.tomcat.util.threads.TaskThread$WrappingRunnable.run(TaskThread.java:61) [tomcat-embed-core-9.0.30.jar:9.0.30]
	at java.lang.Thread.run(Thread.java:748) [na:1.8.0_211]

2020-02-27 02:34:23.759  INFO 11043 --- [SpringContextShutdownHook] o.s.s.concurrent.ThreadPoolTaskExecutor  : Shutting down ExecutorService 'applicationTaskExecutor'
2020-02-27 02:34:41.956  WARN 11103 --- [main] o.s.boot.StartupInfoLogger               : InetAddress.getLocalHost().getHostName() took 5005 milliseconds to respond. Please verify your network configuration (macOS machines may need to add entries to /etc/hosts).
2020-02-27 02:34:46.965  INFO 11103 --- [main] c.B.B.BillingLogicApplication            : Starting BillingLogicApplication on Santanus-MacBook-Air.local with PID 11103 (/Users/santanu/Downloads/BillingLogic/BillingLogic/target/classes started by santanu in /Users/santanu/Downloads/BillingLogic/BillingLogic)
2020-02-27 02:34:46.969  INFO 11103 --- [main] c.B.B.BillingLogicApplication            : No active profile set, falling back to default profiles: default
2020-02-27 02:34:49.211  INFO 11103 --- [main] o.s.b.w.embedded.tomcat.TomcatWebServer  : Tomcat initialized with port(s): 7878 (http)
2020-02-27 02:34:49.226  INFO 11103 --- [main] o.apache.catalina.core.StandardService   : Starting service [Tomcat]
2020-02-27 02:34:49.226  INFO 11103 --- [main] org.apache.catalina.core.StandardEngine  : Starting Servlet engine: [Apache Tomcat/9.0.30]
2020-02-27 02:34:49.345  INFO 11103 --- [main] o.a.c.c.C.[Tomcat].[localhost].[/]       : Initializing Spring embedded WebApplicationContext
2020-02-27 02:34:49.345  INFO 11103 --- [main] o.s.web.context.ContextLoader            : Root WebApplicationContext: initialization completed in 2216 ms
2020-02-27 02:34:49.809  INFO 11103 --- [main] org.redisson.Version                     : Redisson 3.2.0
2020-02-27 02:34:55.301  INFO 11103 --- [redisson-netty-1-2] o.r.c.pool.SinglePubSubConnectionPool    : 1 connections initialized for /127.0.0.1:6379
2020-02-27 02:34:55.305  INFO 11103 --- [redisson-netty-1-1] o.r.c.pool.MasterConnectionPool          : 5 connections initialized for /127.0.0.1:6379
2020-02-27 02:34:55.756  INFO 11103 --- [main] o.s.s.concurrent.ThreadPoolTaskExecutor  : Initializing ExecutorService 'applicationTaskExecutor'
2020-02-27 02:34:56.156  INFO 11103 --- [main] o.s.b.w.embedded.tomcat.TomcatWebServer  : Tomcat started on port(s): 7878 (http) with context path ''
2020-02-27 02:34:56.164  INFO 11103 --- [main] c.B.B.BillingLogicApplication            : Started BillingLogicApplication in 25.055 seconds (JVM running for 25.84)
2020-02-27 02:35:13.264  INFO 11103 --- [http-nio-7878-exec-2] o.a.c.c.C.[Tomcat].[localhost].[/]       : Initializing Spring DispatcherServlet 'dispatcherServlet'
2020-02-27 02:35:13.266  INFO 11103 --- [http-nio-7878-exec-2] o.s.web.servlet.DispatcherServlet        : Initializing Servlet 'dispatcherServlet'
2020-02-27 02:35:13.281  INFO 11103 --- [http-nio-7878-exec-2] o.s.web.servlet.DispatcherServlet        : Completed initialization in 15 ms
2020-02-27 02:35:13.414  INFO 11103 --- [http-nio-7878-exec-2] o.a.k.clients.producer.ProducerConfig    : ProducerConfig values: 
	acks = 1
	batch.size = 16384
	bootstrap.servers = [127.0.0.1:9092]
	buffer.memory = 33554432
	client.dns.lookup = default
	client.id = 
	compression.type = none
	connections.max.idle.ms = 540000
	delivery.timeout.ms = 120000
	enable.idempotence = false
	interceptor.classes = []
	key.serializer = class org.apache.kafka.common.serialization.StringSerializer
	linger.ms = 0
	max.block.ms = 60000
	max.in.flight.requests.per.connection = 5
	max.request.size = 1048576
	metadata.max.age.ms = 300000
	metric.reporters = []
	metrics.num.samples = 2
	metrics.recording.level = INFO
	metrics.sample.window.ms = 30000
	partitioner.class = class org.apache.kafka.clients.producer.internals.DefaultPartitioner
	receive.buffer.bytes = 32768
	reconnect.backoff.max.ms = 1000
	reconnect.backoff.ms = 50
	request.timeout.ms = 30000
	retries = 2147483647
	retry.backoff.ms = 100
	sasl.client.callback.handler.class = null
	sasl.jaas.config = null
	sasl.kerberos.kinit.cmd = /usr/bin/kinit
	sasl.kerberos.min.time.before.relogin = 60000
	sasl.kerberos.service.name = null
	sasl.kerberos.ticket.renew.jitter = 0.05
	sasl.kerberos.ticket.renew.window.factor = 0.8
	sasl.login.callback.handler.class = null
	sasl.login.class = null
	sasl.login.refresh.buffer.seconds = 300
	sasl.login.refresh.min.period.seconds = 60
	sasl.login.refresh.window.factor = 0.8
	sasl.login.refresh.window.jitter = 0.05
	sasl.mechanism = GSSAPI
	security.protocol = PLAINTEXT
	security.providers = null
	send.buffer.bytes = 131072
	ssl.cipher.suites = null
	ssl.enabled.protocols = [TLSv1.2, TLSv1.1, TLSv1]
	ssl.endpoint.identification.algorithm = https
	ssl.key.password = null
	ssl.keymanager.algorithm = SunX509
	ssl.keystore.location = null
	ssl.keystore.password = null
	ssl.keystore.type = JKS
	ssl.protocol = TLS
	ssl.provider = null
	ssl.secure.random.implementation = null
	ssl.trustmanager.algorithm = PKIX
	ssl.truststore.location = null
	ssl.truststore.password = null
	ssl.truststore.type = JKS
	transaction.timeout.ms = 60000
	transactional.id = null
	value.serializer = class org.springframework.kafka.support.serializer.JsonSerializer

2020-02-27 02:35:13.699  INFO 11103 --- [http-nio-7878-exec-2] o.a.kafka.common.utils.AppInfoParser     : Kafka version: 2.4.0
2020-02-27 02:35:13.700  INFO 11103 --- [http-nio-7878-exec-2] o.a.kafka.common.utils.AppInfoParser     : Kafka commitId: 77a89fcf8d7fa018
2020-02-27 02:35:13.700  INFO 11103 --- [http-nio-7878-exec-2] o.a.kafka.common.utils.AppInfoParser     : Kafka startTimeMs: 1582751113696
2020-02-27 02:35:14.668  WARN 11103 --- [kafka-producer-network-thread | producer-1] org.apache.kafka.clients.NetworkClient   : [Producer clientId=producer-1] Error while fetching metadata with correlation id 2 : {Item_Details=LEADER_NOT_AVAILABLE}
2020-02-27 02:35:14.676  INFO 11103 --- [kafka-producer-network-thread | producer-1] org.apache.kafka.clients.Metadata        : [Producer clientId=producer-1] Cluster ID: kVzb8E4HSPmASQAYtFLo1A
2020-02-27 02:35:14.778  WARN 11103 --- [kafka-producer-network-thread | producer-1] org.apache.kafka.clients.NetworkClient   : [Producer clientId=producer-1] Error while fetching metadata with correlation id 5 : {Item_Details=LEADER_NOT_AVAILABLE}
2020-02-27 02:44:19.798  INFO 11103 --- [http-nio-7878-exec-5] o.a.k.clients.producer.ProducerConfig    : ProducerConfig values: 
	acks = 1
	batch.size = 16384
	bootstrap.servers = [127.0.0.1:9092]
	buffer.memory = 33554432
	client.dns.lookup = default
	client.id = 
	compression.type = none
	connections.max.idle.ms = 540000
	delivery.timeout.ms = 120000
	enable.idempotence = false
	interceptor.classes = []
	key.serializer = class org.apache.kafka.common.serialization.StringSerializer
	linger.ms = 0
	max.block.ms = 60000
	max.in.flight.requests.per.connection = 5
	max.request.size = 1048576
	metadata.max.age.ms = 300000
	metric.reporters = []
	metrics.num.samples = 2
	metrics.recording.level = INFO
	metrics.sample.window.ms = 30000
	partitioner.class = class org.apache.kafka.clients.producer.internals.DefaultPartitioner
	receive.buffer.bytes = 32768
	reconnect.backoff.max.ms = 1000
	reconnect.backoff.ms = 50
	request.timeout.ms = 30000
	retries = 2147483647
	retry.backoff.ms = 100
	sasl.client.callback.handler.class = null
	sasl.jaas.config = null
	sasl.kerberos.kinit.cmd = /usr/bin/kinit
	sasl.kerberos.min.time.before.relogin = 60000
	sasl.kerberos.service.name = null
	sasl.kerberos.ticket.renew.jitter = 0.05
	sasl.kerberos.ticket.renew.window.factor = 0.8
	sasl.login.callback.handler.class = null
	sasl.login.class = null
	sasl.login.refresh.buffer.seconds = 300
	sasl.login.refresh.min.period.seconds = 60
	sasl.login.refresh.window.factor = 0.8
	sasl.login.refresh.window.jitter = 0.05
	sasl.mechanism = GSSAPI
	security.protocol = PLAINTEXT
	security.providers = null
	send.buffer.bytes = 131072
	ssl.cipher.suites = null
	ssl.enabled.protocols = [TLSv1.2, TLSv1.1, TLSv1]
	ssl.endpoint.identification.algorithm = https
	ssl.key.password = null
	ssl.keymanager.algorithm = SunX509
	ssl.keystore.location = null
	ssl.keystore.password = null
	ssl.keystore.type = JKS
	ssl.protocol = TLS
	ssl.provider = null
	ssl.secure.random.implementation = null
	ssl.trustmanager.algorithm = PKIX
	ssl.truststore.location = null
	ssl.truststore.password = null
	ssl.truststore.type = JKS
	transaction.timeout.ms = 60000
	transactional.id = null
	value.serializer = class org.springframework.kafka.support.serializer.JsonSerializer

2020-02-27 02:44:19.825  INFO 11103 --- [http-nio-7878-exec-5] o.a.kafka.common.utils.AppInfoParser     : Kafka version: 2.4.0
2020-02-27 02:44:19.825  INFO 11103 --- [http-nio-7878-exec-5] o.a.kafka.common.utils.AppInfoParser     : Kafka commitId: 77a89fcf8d7fa018
2020-02-27 02:44:19.825  INFO 11103 --- [http-nio-7878-exec-5] o.a.kafka.common.utils.AppInfoParser     : Kafka startTimeMs: 1582751659824
2020-02-27 02:44:19.837  INFO 11103 --- [kafka-producer-network-thread | producer-2] org.apache.kafka.clients.Metadata        : [Producer clientId=producer-2] Cluster ID: kVzb8E4HSPmASQAYtFLo1A
